<?xml version="1.0" encoding="UTF-8"?>
<testsuite xmlns:xsi="http://www.w3.org/2001/XMLSchema-instance" xsi:noNamespaceSchemaLocation="https://maven.apache.org/surefire/maven-surefire-plugin/xsd/surefire-test-report-3.0.xsd" version="3.0" name="TestSuite" time="16.17" tests="8" errors="0" skipped="0" failures="3">
  <properties>
[...]
</properties>
  <testcase name="getTest" classname="com.test.GetTests" time="4.11">
    <system-out><![CDATA[Request method:	GET
Request URI:	http://192.168.163.1:3000/employee
Proxy:			<none>
Request params:	<none>
Query params:	<none>
Form params:	<none>
Path params:	<none>
Headers:		Accept=*/*
				Content-Type=Application/JSON
Cookies:		<none>
Multiparts:		<none>
Body:			<none>
Request method:	GET
Request URI:	http://192.168.163.1:3000/employee/1
Proxy:			<none>
Request params:	<none>
Query params:	<none>
Form params:	<none>
Path params:	id=1
Headers:		Accept=*/*
				Content-Type=Application/JSON
Cookies:		<none>
Multiparts:		<none>
Body:			<none>
[
    {
        "name": " diya varnwal",
        "id": 1,
        "email": "diya123@gmail.com",
        "address": {
            "city": "delhi",
            "pincode": 230093,
            "houseno": 1202
        },
        "jobs": [
            "sale",
            "marketing",
            "dev"
        ],
        "department": "IT Sector"
    },
    {
        "name": " raha varnwal",
        "id": 2,
        "email": "riya123@gmail.com",
        "address": {
            "city": "delhi",
            "pincode": 230093,
            "houseno": 1202
        },
        "jobs": [
            "sale",
            "marketing",
            "dev"
        ],
        "department": "IT Sector"
    },
    {
        "address": {
            "pincode": "560772",
            "city": "delhi",
            "houseno": "1"
        },
        "jobs": [
            "qa",
            "fullstack"
        ],
        "name": "Max Carter",
        "id": 128,
        "department": "IT",
        "email": "Max_Carter@gmail.com"
    },
    {
        "address": {
            "pincode": "515422",
            "city": "delhi",
            "houseno": "1"
        },
        "jobs": [
            "qa",
            "fullstack"
        ],
        "name": "Miss Violeta Senger",
        "id": 122,
        "department": "IT",
        "email": "Miss_Violeta_Senger@gmail.com"
    },
    {
        "address": {
            "pincode": "888766",
            "city": "delhi",
            "houseno": "6"
        },
        "jobs": [
            "qa",
            "fullstack"
        ],
        "name": "Brittanie Fadel",
        "id": 199,
        "department": "IT",
        "email": "Brittanie_Fadel@gmail.com"
    },
    {
        "address": {
            "pincode": "086408",
            "city": "delhi",
            "houseno": "6"
        },
        "jobs": [
            "qa",
            "fullstack"
        ],
        "name": "Chauncey Bailey",
        "id": 112,
        "department": "IT",
        "email": "Chauncey_Bailey@gmail.com"
    },
    {
        "address": {
            "pincode": "361777",
            "city": "delhi",
            "houseno": "3"
        },
        "jobs": [
            "qa",
            "fullstack"
        ],
        "name": "Ms. Sara Armstrong",
        "id": 146,
        "department": "IT",
        "email": "Ms._Sara_Armstrong@gmail.com"
    },
    {
        "address": {
            "pincode": "733172",
            "city": "delhi",
            "houseno": "0"
        },
        "jobs": [
            "qa",
            "fullstack"
        ],
        "name": "Edith Shanahan Jr.",
        "id": 198,
        "department": "IT",
        "email": "Edith_Shanahan_Jr.@gmail.com"
    },
    {
        "address": {
            "pincode": "415037",
            "city": "delhi",
            "houseno": "8"
        },
        "jobs": [
            "qa",
            "fullstack"
        ],
        "name": "Linh Altenwerth PhD",
        "id": 170,
        "department": "IT",
        "email": "Linh_Altenwerth_PhD@gmail.com"
    },
    {
        "address": {
            "pincode": "738832",
            "city": "delhi",
            "houseno": "3"
        },
        "jobs": [
            "qa",
            "fullstack"
        ],
        "name": "Stephen Bahringer",
        "id": 119,
        "department": "IT",
        "email": "Stephen_Bahringer@gmail.com"
    },
    {
        "address": {
            "pincode": "682331",
            "city": "delhi",
            "houseno": "3"
        },
        "jobs": [
            "qa",
            "fullstack"
        ],
        "name": "Miguel Reichert",
        "id": 186,
        "department": "IT",
        "email": "Everett_Ortiz@gmail.com"
    },
    {
        "name": "Jayson Streich",
        "id": 103,
        "email": "Jayson_Streich@gmail.com"
    },
    {
        "id": 120,
        "name": "Sudie Grant",
        "email": "Sudie_Grant@gmail.com"
    }
]
]]></system-out>
  </testcase>
  <testcase name="getEmployee[1, diya](1)" classname="com.test.GetTests" time="0.749">
    <failure message="[employee name] &#10;expected: &quot;diya&quot;&#10; but was: &quot; diya varnwal&quot;" type="java.lang.AssertionError"><![CDATA[java.lang.AssertionError: 
[employee name] 
expected: "diya"
 but was: " diya varnwal"
	at com.test.GetTests.getEmployee(GetTests.java:42)
	at sun.reflect.NativeMethodAccessorImpl.invoke0(Native Method)
	at sun.reflect.NativeMethodAccessorImpl.invoke(NativeMethodAccessorImpl.java:62)
	at sun.reflect.DelegatingMethodAccessorImpl.invoke(DelegatingMethodAccessorImpl.java:43)
	at java.lang.reflect.Method.invoke(Method.java:498)
	at org.testng.internal.MethodInvocationHelper.invokeMethod(MethodInvocationHelper.java:133)
	at org.testng.internal.TestInvoker.invokeMethod(TestInvoker.java:598)
	at org.testng.internal.TestInvoker.invokeTestMethod(TestInvoker.java:173)
	at org.testng.internal.MethodRunner.runInSequence(MethodRunner.java:46)
	at org.testng.internal.TestInvoker$MethodInvocationAgent.invoke(TestInvoker.java:824)
	at org.testng.internal.TestInvoker.invokeTestMethods(TestInvoker.java:146)
	at org.testng.internal.TestMethodWorker.invokeTestMethods(TestMethodWorker.java:146)
	at org.testng.internal.TestMethodWorker.run(TestMethodWorker.java:128)
	at java.util.concurrent.ThreadPoolExecutor.runWorker(ThreadPoolExecutor.java:1149)
	at java.util.concurrent.ThreadPoolExecutor$Worker.run(ThreadPoolExecutor.java:624)
	at java.lang.Thread.run(Thread.java:748)
]]></failure>
  </testcase>
  <testcase name="getEmployee[2, riya](2)" classname="com.test.GetTests" time="0.124">
    <failure message="[employee name] &#10;expected: &quot;riya&quot;&#10; but was: &quot; raha varnwal&quot;" type="java.lang.AssertionError"><![CDATA[java.lang.AssertionError: 
[employee name] 
expected: "riya"
 but was: " raha varnwal"
	at com.test.GetTests.getEmployee(GetTests.java:42)
	at sun.reflect.NativeMethodAccessorImpl.invoke0(Native Method)
	at sun.reflect.NativeMethodAccessorImpl.invoke(NativeMethodAccessorImpl.java:62)
	at sun.reflect.DelegatingMethodAccessorImpl.invoke(DelegatingMethodAccessorImpl.java:43)
	at java.lang.reflect.Method.invoke(Method.java:498)
	at org.testng.internal.MethodInvocationHelper.invokeMethod(MethodInvocationHelper.java:133)
	at org.testng.internal.TestInvoker.invokeMethod(TestInvoker.java:598)
	at org.testng.internal.TestInvoker.invokeTestMethod(TestInvoker.java:173)
	at org.testng.internal.MethodRunner.runInSequence(MethodRunner.java:46)
	at org.testng.internal.TestInvoker$MethodInvocationAgent.invoke(TestInvoker.java:824)
	at org.testng.internal.TestInvoker.invokeTestMethods(TestInvoker.java:146)
	at org.testng.internal.TestMethodWorker.invokeTestMethods(TestMethodWorker.java:146)
	at org.testng.internal.TestMethodWorker.run(TestMethodWorker.java:128)
	at java.util.concurrent.ThreadPoolExecutor.runWorker(ThreadPoolExecutor.java:1149)
	at java.util.concurrent.ThreadPoolExecutor$Worker.run(ThreadPoolExecutor.java:624)
	at java.lang.Thread.run(Thread.java:748)
]]></failure>
    <system-out><![CDATA[Request method:	GET
Request URI:	http://192.168.163.1:3000/employee/2
Proxy:			<none>
Request params:	<none>
Query params:	<none>
Form params:	<none>
Path params:	id=2
Headers:		Accept=*/*
				Content-Type=Application/JSON
Cookies:		<none>
Multiparts:		<none>
Body:			<none>
]]></system-out>
  </testcase>
  <testcase name="createandreplace_employee[public void com.test.TestPostcalls.createandreplace_employee(java.lang.reflect.Method)](1)" classname="com.test.TestPostcalls" time="0.192">
    <system-out><![CDATA[Request method:	POST
Request URI:	http://192.168.163.1:3000/employee
Proxy:			<none>
Request params:	<none>
Query params:	<none>
Form params:	<none>
Path params:	<none>
Headers:		Accept=*/*
				Content-Type=Application/JSON
Cookies:		<none>
Multiparts:		<none>
Body:
{
    "id": 113,
    "name": "Ms. Roselyn Howe",
    "email": "Ms._Roselyn_Howe@gmail.com"
}
{
    "id": 113,
    "name": "Ms. Roselyn Howe",
    "email": "Ms._Roselyn_Howe@gmail.com"
}
]]></system-out>
  </testcase>
  <testcase name="create_employee" classname="com.test.TestPostcalls" time="0.727">
    <system-out><![CDATA[Request method:	POST
Request URI:	http://192.168.163.1:3000/employee
Proxy:			<none>
Request params:	<none>
Query params:	<none>
Form params:	<none>
Path params:	<none>
Headers:		Accept=*/*
				Content-Type=Application/JSON
Cookies:		<none>
Multiparts:		<none>
Body:
{
    "name": "Leeanne Hoppe",
    "id": 105,
    "email": "Leeanne_Hoppe@gmail.com"
}
{
    "name": "Leeanne Hoppe",
    "id": 105,
    "email": "Leeanne_Hoppe@gmail.com"
}
]]></system-out>
  </testcase>
  <testcase name="jiraassignment" classname="com.test.JiraAssignment" time="3.192">
    <system-out><![CDATA[Request method:	POST
Request URI:	http://192.168.163.1:8080/rest/api/2/issue/
Proxy:			<none>
Request params:	<none>
Query params:	<none>
Form params:	<none>
Path params:	<none>
Headers:		Authorization=Basic ZGl2eWFfMTIzOjEyM0BkaXY=
				Accept=*/*
				Content-Type=Application/JSON
Cookies:		<none>
Multiparts:		<none>
Body:
{
    "fields": {
        "project": {
            "key": "DEM"
        },
        "summary": "this is my automate first task",
        "description": "this is my description",
        "issuetype": {
            "name": "Task"
        }
    }
}
{
    "id": 238008091,
    "node_id": "MDEwOlJlcG9zaXRvcnkyMzgwMDgwOTE=",
    "name": "Hello-World",
    "full_name": "div1997/Hello-World",
    "private": false,
    "owner": {
        "login": "div1997",
        "id": 32096104,
        "node_id": "MDQ6VXNlcjMyMDk2MTA0",
        "avatar_url": "https://avatars.githubusercontent.com/u/32096104?v=4",
        "gravatar_id": "",
        "url": "https://api.github.com/users/div1997",
        "html_url": "https://github.com/div1997",
        "followers_url": "https://api.github.com/users/div1997/followers",
        "following_url": "https://api.github.com/users/div1997/following{/other_user}",
        "gists_url": "https://api.github.com/users/div1997/gists{/gist_id}",
        "starred_url": "https://api.github.com/users/div1997/starred{/owner}{/repo}",
        "subscriptions_url": "https://api.github.com/users/div1997/subscriptions",
        "organizations_url": "https://api.github.com/users/div1997/orgs",
        "repos_url": "https://api.github.com/users/div1997/repos",
        "events_url": "https://api.github.com/users/div1997/events{/privacy}",
        "received_events_url": "https://api.github.com/users/div1997/received_events",
        "type": "User",
        "site_admin": false
    },
    "html_url": "https://github.com/div1997/Hello-World",
    "description": "This is your first repo!",
    "fork": false,
    "url": "https://api.github.com/repos/div1997/Hello-World",
    "forks_url": "https://api.github.com/repos/div1997/Hello-World/forks",
    "keys_url": "https://api.github.com/repos/div1997/Hello-World/keys{/key_id}",
    "collaborators_url": "https://api.github.com/repos/div1997/Hello-World/collaborators{/collaborator}",
    "teams_url": "https://api.github.com/repos/div1997/Hello-World/teams",
    "hooks_url": "https://api.github.com/repos/div1997/Hello-World/hooks",
    "issue_events_url": "https://api.github.com/repos/div1997/Hello-World/issues/events{/number}",
    "events_url": "https://api.github.com/repos/div1997/Hello-World/events",
    "assignees_url": "https://api.github.com/repos/div1997/Hello-World/assignees{/user}",
    "branches_url": "https://api.github.com/repos/div1997/Hello-World/branches{/branch}",
    "tags_url": "https://api.github.com/repos/div1997/Hello-World/tags",
    "blobs_url": "https://api.github.com/repos/div1997/Hello-World/git/blobs{/sha}",
    "git_tags_url": "https://api.github.com/repos/div1997/Hello-World/git/tags{/sha}",
    "git_refs_url": "https://api.github.com/repos/div1997/Hello-World/git/refs{/sha}",
    "trees_url": "https://api.github.com/repos/div1997/Hello-World/git/trees{/sha}",
    "statuses_url": "https://api.github.com/repos/div1997/Hello-World/statuses/{sha}",
    "languages_url": "https://api.github.com/repos/div1997/Hello-World/languages",
    "stargazers_url": "https://api.github.com/repos/div1997/Hello-World/stargazers",
    "contributors_url": "https://api.github.com/repos/div1997/Hello-World/contributors",
    "subscribers_url": "https://api.github.com/repos/div1997/Hello-World/subscribers",
    "subscription_url": "https://api.github.com/repos/div1997/Hello-World/subscription",
    "commits_url": "https://api.github.com/repos/div1997/Hello-World/commits{/sha}",
    "git_commits_url": "https://api.github.com/repos/div1997/Hello-World/git/commits{/sha}",
    "comments_url": "https://api.github.com/repos/div1997/Hello-World/comments{/number}",
    "issue_comment_url": "https://api.github.com/repos/div1997/Hello-World/issues/comments{/number}",
    "contents_url": "https://api.github.com/repos/div1997/Hello-World/contents/{+path}",
    "compare_url": "https://api.github.com/repos/div1997/Hello-World/compare/{base}...{head}",
    "merges_url": "https://api.github.com/repos/div1997/Hello-World/merges",
    "archive_url": "https://api.github.com/repos/div1997/Hello-World/{archive_format}{/ref}",
    "downloads_url": "https://api.github.com/repos/div1997/Hello-World/downloads",
    "issues_url": "https://api.github.com/repos/div1997/Hello-World/issues{/number}",
    "pulls_url": "https://api.github.com/repos/div1997/Hello-World/pulls{/number}",
    "milestones_url": "https://api.github.com/repos/div1997/Hello-World/milestones{/number}",
    "notifications_url": "https://api.github.com/repos/div1997/Hello-World/notifications{?since,all,participating}",
    "labels_url": "https://api.github.com/repos/div1997/Hello-World/labels{/name}",
    "releases_url": "https://api.github.com/repos/div1997/Hello-World/releases{/id}",
    "deployments_url": "https://api.github.com/repos/div1997/Hello-World/deployments",
    "created_at": "2020-02-03T16:19:27Z",
    "updated_at": "2023-03-10T10:06:57Z",
    "pushed_at": "2020-10-13T19:17:45Z",
    "git_url": "git://github.com/div1997/Hello-World.git",
    "ssh_url": "git@github.com:div1997/Hello-World.git",
    "clone_url": "https://github.com/div1997/Hello-World.git",
    "svn_url": "https://github.com/div1997/Hello-World",
    "homepage": "https://github.com",
    "size": 5,
    "stargazers_count": 0,
    "watchers_count": 0,
    "language": "Java",
    "has_issues": true,
    "has_projects": true,
    "has_downloads": true,
    "has_wiki": true,
    "has_pages": false,
    "has_discussions": false,
    "forks_count": 0,
    "mirror_url": null,
    "archived": false,
    "disabled": false,
    "open_issues_count": 1,
    "license": null,
    "allow_forking": true,
    "is_template": true,
    "web_commit_signoff_required": false,
    "topics": [
        
    ],
    "visibility": "public",
    "forks": 0,
    "open_issues": 1,
    "watchers": 0,
    "default_branch": "API_Dev",
    "permissions": {
        "admin": true,
        "maintain": true,
        "push": true,
        "triage": true,
        "pull": true
    },
    "temp_clone_token": "",
    "allow_squash_merge": true,
    "allow_merge_commit": true,
    "allow_rebase_merge": true,
    "allow_auto_merge": false,
    "delete_branch_on_merge": false,
    "allow_update_branch": false,
    "use_squash_pr_title_as_default": false,
    "squash_merge_commit_message": "COMMIT_MESSAGES",
    "squash_merge_commit_title": "COMMIT_OR_PR_TITLE",
    "merge_commit_message": "PR_TITLE",
    "merge_commit_title": "MERGE_MESSAGE",
    "security_and_analysis": {
        "secret_scanning": {
            "status": "disabled"
        },
        "secret_scanning_push_protection": {
            "status": "disabled"
        }
    },
    "network_count": 0,
    "subscribers_count": 1
}
Request method:	POST
Request URI:	https://api.github.com/user/repos
Proxy:			<none>
Request params:	<none>
Query params:	<none>
Form params:	<none>
Path params:	<none>
Headers:		accept=application/vnd.github+json
				X-GitHub-Api-Version=2022-11-28
				Authorization=Bearer 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
				Content-Type=text/plain; charset=ISO-8859-1
Cookies:		<none>
Multiparts:		<none>
Body:
{"name":"restrepoCustomer Identity Technician","description":" created through restassured api","homepage":"https://github.com","private":false,"is_template":true}
{
    "id": 612540693,
    "node_id": "R_kgDOJIKhFQ",
    "name": "restrepoCustomer-Identity-Technician",
    "full_name": "div1997/restrepoCustomer-Identity-Technician",
    "private": false,
    "owner": {
        "login": "div1997",
        "id": 32096104,
        "node_id": "MDQ6VXNlcjMyMDk2MTA0",
        "avatar_url": "https://avatars.githubusercontent.com/u/32096104?v=4",
        "gravatar_id": "",
        "url": "https://api.github.com/users/div1997",
        "html_url": "https://github.com/div1997",
        "followers_url": "https://api.github.com/users/div1997/followers",
        "following_url": "https://api.github.com/users/div1997/following{/other_user}",
        "gists_url": "https://api.github.com/users/div1997/gists{/gist_id}",
        "starred_url": "https://api.github.com/users/div1997/starred{/owner}{/repo}",
        "subscriptions_url": "https://api.github.com/users/div1997/subscriptions",
        "organizations_url": "https://api.github.com/users/div1997/orgs",
        "repos_url": "https://api.github.com/users/div1997/repos",
        "events_url": "https://api.github.com/users/div1997/events{/privacy}",
        "received_events_url": "https://api.github.com/users/div1997/received_events",
        "type": "User",
        "site_admin": false
    },
    "html_url": "https://github.com/div1997/restrepoCustomer-Identity-Technician",
    "description": " created through restassured api",
    "fork": false,
    "url": "https://api.github.com/repos/div1997/restrepoCustomer-Identity-Technician",
    "forks_url": "https://api.github.com/repos/div1997/restrepoCustomer-Identity-Technician/forks",
    "keys_url": "https://api.github.com/repos/div1997/restrepoCustomer-Identity-Technician/keys{/key_id}",
    "collaborators_url": "https://api.github.com/repos/div1997/restrepoCustomer-Identity-Technician/collaborators{/collaborator}",
    "teams_url": "https://api.github.com/repos/div1997/restrepoCustomer-Identity-Technician/teams",
    "hooks_url": "https://api.github.com/repos/div1997/restrepoCustomer-Identity-Technician/hooks",
    "issue_events_url": "https://api.github.com/repos/div1997/restrepoCustomer-Identity-Technician/issues/events{/number}",
    "events_url": "https://api.github.com/repos/div1997/restrepoCustomer-Identity-Technician/events",
    "assignees_url": "https://api.github.com/repos/div1997/restrepoCustomer-Identity-Technician/assignees{/user}",
    "branches_url": "https://api.github.com/repos/div1997/restrepoCustomer-Identity-Technician/branches{/branch}",
    "tags_url": "https://api.github.com/repos/div1997/restrepoCustomer-Identity-Technician/tags",
    "blobs_url": "https://api.github.com/repos/div1997/restrepoCustomer-Identity-Technician/git/blobs{/sha}",
    "git_tags_url": "https://api.github.com/repos/div1997/restrepoCustomer-Identity-Technician/git/tags{/sha}",
    "git_refs_url": "https://api.github.com/repos/div1997/restrepoCustomer-Identity-Technician/git/refs{/sha}",
    "trees_url": "https://api.github.com/repos/div1997/restrepoCustomer-Identity-Technician/git/trees{/sha}",
    "statuses_url": "https://api.github.com/repos/div1997/restrepoCustomer-Identity-Technician/statuses/{sha}",
    "languages_url": "https://api.github.com/repos/div1997/restrepoCustomer-Identity-Technician/languages",
    "stargazers_url": "https://api.github.com/repos/div1997/restrepoCustomer-Identity-Technician/stargazers",
    "contributors_url": "https://api.github.com/repos/div1997/restrepoCustomer-Identity-Technician/contributors",
    "subscribers_url": "https://api.github.com/repos/div1997/restrepoCustomer-Identity-Technician/subscribers",
    "subscription_url": "https://api.github.com/repos/div1997/restrepoCustomer-Identity-Technician/subscription",
    "commits_url": "https://api.github.com/repos/div1997/restrepoCustomer-Identity-Technician/commits{/sha}",
    "git_commits_url": "https://api.github.com/repos/div1997/restrepoCustomer-Identity-Technician/git/commits{/sha}",
    "comments_url": "https://api.github.com/repos/div1997/restrepoCustomer-Identity-Technician/comments{/number}",
    "issue_comment_url": "https://api.github.com/repos/div1997/restrepoCustomer-Identity-Technician/issues/comments{/number}",
    "contents_url": "https://api.github.com/repos/div1997/restrepoCustomer-Identity-Technician/contents/{+path}",
    "compare_url": "https://api.github.com/repos/div1997/restrepoCustomer-Identity-Technician/compare/{base}...{head}",
    "merges_url": "https://api.github.com/repos/div1997/restrepoCustomer-Identity-Technician/merges",
    "archive_url": "https://api.github.com/repos/div1997/restrepoCustomer-Identity-Technician/{archive_format}{/ref}",
    "downloads_url": "https://api.github.com/repos/div1997/restrepoCustomer-Identity-Technician/downloads",
    "issues_url": "https://api.github.com/repos/div1997/restrepoCustomer-Identity-Technician/issues{/number}",
    "pulls_url": "https://api.github.com/repos/div1997/restrepoCustomer-Identity-Technician/pulls{/number}",
    "milestones_url": "https://api.github.com/repos/div1997/restrepoCustomer-Identity-Technician/milestones{/number}",
    "notifications_url": "https://api.github.com/repos/div1997/restrepoCustomer-Identity-Technician/notifications{?since,all,participating}",
    "labels_url": "https://api.github.com/repos/div1997/restrepoCustomer-Identity-Technician/labels{/name}",
    "releases_url": "https://api.github.com/repos/div1997/restrepoCustomer-Identity-Technician/releases{/id}",
    "deployments_url": "https://api.github.com/repos/div1997/restrepoCustomer-Identity-Technician/deployments",
    "created_at": "2023-03-11T08:51:49Z",
    "updated_at": "2023-03-11T08:51:49Z",
    "pushed_at": "2023-03-11T08:51:49Z",
    "git_url": "git://github.com/div1997/restrepoCustomer-Identity-Technician.git",
    "ssh_url": "git@github.com:div1997/restrepoCustomer-Identity-Technician.git",
    "clone_url": "https://github.com/div1997/restrepoCustomer-Identity-Technician.git",
    "svn_url": "https://github.com/div1997/restrepoCustomer-Identity-Technician",
    "homepage": "https://github.com",
    "size": 0,
    "stargazers_count": 0,
    "watchers_count": 0,
    "language": null,
    "has_issues": true,
    "has_projects": true,
    "has_downloads": true,
    "has_wiki": true,
    "has_pages": false,
    "has_discussions": false,
    "forks_count": 0,
    "mirror_url": null,
    "archived": false,
    "disabled": false,
    "open_issues_count": 0,
    "license": null,
    "allow_forking": true,
    "is_template": true,
    "web_commit_signoff_required": false,
    "topics": [
        
    ],
    "visibility": "public",
    "forks": 0,
    "open_issues": 0,
    "watchers": 0,
    "default_branch": "main",
    "permissions": {
        "admin": true,
        "maintain": true,
        "push": true,
        "triage": true,
        "pull": true
    },
    "allow_squash_merge": true,
    "allow_merge_commit": true,
    "allow_rebase_merge": true,
    "allow_auto_merge": false,
    "delete_branch_on_merge": false,
    "allow_update_branch": false,
    "use_squash_pr_title_as_default": false,
    "squash_merge_commit_message": "COMMIT_MESSAGES",
    "squash_merge_commit_title": "COMMIT_OR_PR_TITLE",
    "merge_commit_message": "PR_TITLE",
    "merge_commit_title": "MERGE_MESSAGE",
    "network_count": 0,
    "subscribers_count": 1
}
{
    "id": "10300",
    "key": "DEM-20",
    "self": "http://192.168.163.1:8080/rest/api/2/issue/10300"
}

]]></system-out>
  </testcase>
  <testcase name="gitcurdassignment" classname="com.test.Gitassignment" time="0.165"/>
  <testcase name="Jsonassignment" classname="com.test.JSONAssignment" time="4.417">
    <failure message="Connection refused: connect" type="java.net.ConnectException"><![CDATA[java.net.ConnectException: Connection refused: connect
	at java.net.DualStackPlainSocketImpl.connect0(Native Method)
	at java.net.DualStackPlainSocketImpl.socketConnect(DualStackPlainSocketImpl.java:79)
	at java.net.AbstractPlainSocketImpl.doConnect(AbstractPlainSocketImpl.java:350)
	at java.net.AbstractPlainSocketImpl.connectToAddress(AbstractPlainSocketImpl.java:206)
	at java.net.AbstractPlainSocketImpl.connect(AbstractPlainSocketImpl.java:188)
	at java.net.PlainSocketImpl.connect(PlainSocketImpl.java:172)
	at java.net.SocksSocketImpl.connect(SocksSocketImpl.java:392)
	at java.net.Socket.connect(Socket.java:589)
	at org.apache.http.conn.scheme.PlainSocketFactory.connectSocket(PlainSocketFactory.java:121)
	at org.apache.http.impl.conn.DefaultClientConnectionOperator.openConnection(DefaultClientConnectionOperator.java:180)
	at org.apache.http.impl.conn.ManagedClientConnectionImpl.open(ManagedClientConnectionImpl.java:326)
	at org.apache.http.impl.client.DefaultRequestDirector.tryConnect(DefaultRequestDirector.java:605)
	at org.apache.http.impl.client.DefaultRequestDirector.execute(DefaultRequestDirector.java:440)
	at org.apache.http.impl.client.AbstractHttpClient.doExecute(AbstractHttpClient.java:835)
	at org.apache.http.impl.client.CloseableHttpClient.execute(CloseableHttpClient.java:83)
	at org.apache.http.impl.client.CloseableHttpClient.execute(CloseableHttpClient.java:56)
	at org.apache.http.client.HttpClient$execute$0.call(Unknown Source)
	at org.codehaus.groovy.runtime.callsite.CallSiteArray.defaultCall(CallSiteArray.java:47)
	at org.apache.http.client.HttpClient$execute$0.call(Unknown Source)
	at io.restassured.internal.RequestSpecificationImpl$RestAssuredHttpBuilder.doRequest(RequestSpecificationImpl.groovy:2072)
	at io.restassured.internal.http.HTTPBuilder.doRequest(HTTPBuilder.java:495)
	at io.restassured.internal.http.HTTPBuilder.request(HTTPBuilder.java:452)
	at io.restassured.internal.http.HTTPBuilder$request$5.call(Unknown Source)
	at io.restassured.internal.RequestSpecificationImpl.sendHttpRequest(RequestSpecificationImpl.groovy:1453)
	at sun.reflect.NativeMethodAccessorImpl.invoke0(Native Method)
	at sun.reflect.NativeMethodAccessorImpl.invoke(NativeMethodAccessorImpl.java:62)
	at sun.reflect.DelegatingMethodAccessorImpl.invoke(DelegatingMethodAccessorImpl.java:43)
	at java.lang.reflect.Method.invoke(Method.java:498)
	at org.codehaus.groovy.reflection.CachedMethod.invoke(CachedMethod.java:107)
	at groovy.lang.MetaMethod.doMethodInvoke(MetaMethod.java:323)
	at groovy.lang.MetaClassImpl.invokeMethod(MetaClassImpl.java:1268)
	at groovy.lang.MetaClassImpl.invokeMethod(MetaClassImpl.java:1035)
	at groovy.lang.MetaClassImpl.invokeMethod(MetaClassImpl.java:819)
	at groovy.lang.GroovyObject.invokeMethod(GroovyObject.java:39)
	at org.codehaus.groovy.runtime.callsite.PogoInterceptableSite.call(PogoInterceptableSite.java:45)
	at org.codehaus.groovy.runtime.callsite.PogoInterceptableSite.callCurrent(PogoInterceptableSite.java:55)
	at io.restassured.internal.RequestSpecificationImpl.sendRequest(RequestSpecificationImpl.groovy:1202)
	at sun.reflect.NativeMethodAccessorImpl.invoke0(Native Method)
	at sun.reflect.NativeMethodAccessorImpl.invoke(NativeMethodAccessorImpl.java:62)
	at sun.reflect.DelegatingMethodAccessorImpl.invoke(DelegatingMethodAccessorImpl.java:43)
	at java.lang.reflect.Method.invoke(Method.java:498)
	at org.codehaus.groovy.reflection.CachedMethod.invoke(CachedMethod.java:107)
	at groovy.lang.MetaMethod.doMethodInvoke(MetaMethod.java:323)
	at groovy.lang.MetaClassImpl.invokeMethod(MetaClassImpl.java:1268)
	at groovy.lang.MetaClassImpl.invokeMethod(MetaClassImpl.java:1035)
	at groovy.lang.MetaClassImpl.invokeMethod(MetaClassImpl.java:819)
	at groovy.lang.GroovyObject.invokeMethod(GroovyObject.java:39)
	at org.codehaus.groovy.runtime.callsite.PogoInterceptableSite.call(PogoInterceptableSite.java:45)
	at org.codehaus.groovy.runtime.callsite.AbstractCallSite.call(AbstractCallSite.java:166)
	at io.restassured.internal.filter.SendRequestFilter.filter(SendRequestFilter.groovy:30)
	at io.restassured.filter.Filter$filter$0.call(Unknown Source)
	at org.codehaus.groovy.runtime.callsite.CallSiteArray.defaultCall(CallSiteArray.java:47)
	at io.restassured.filter.Filter$filter.call(Unknown Source)
	at io.restassured.internal.filter.FilterContextImpl.next(FilterContextImpl.groovy:72)
	at io.restassured.filter.time.TimingFilter.filter(TimingFilter.java:56)
	at io.restassured.filter.Filter$filter.call(Unknown Source)
	at org.codehaus.groovy.runtime.callsite.CallSiteArray.defaultCall(CallSiteArray.java:47)
	at io.restassured.filter.Filter$filter$0.call(Unknown Source)
	at io.restassured.internal.filter.FilterContextImpl.next(FilterContextImpl.groovy:72)
	at io.restassured.filter.FilterContext$next.call(Unknown Source)
	at io.restassured.internal.RequestSpecificationImpl.applyPathParamsAndSendRequest(RequestSpecificationImpl.groovy:1672)
	at sun.reflect.NativeMethodAccessorImpl.invoke0(Native Method)
	at sun.reflect.NativeMethodAccessorImpl.invoke(NativeMethodAccessorImpl.java:62)
	at sun.reflect.DelegatingMethodAccessorImpl.invoke(DelegatingMethodAccessorImpl.java:43)
	at java.lang.reflect.Method.invoke(Method.java:498)
	at org.codehaus.groovy.reflection.CachedMethod.invoke(CachedMethod.java:107)
	at groovy.lang.MetaMethod.doMethodInvoke(MetaMethod.java:323)
	at groovy.lang.MetaClassImpl.invokeMethod(MetaClassImpl.java:1268)
	at groovy.lang.MetaClassImpl.invokeMethod(MetaClassImpl.java:1035)
	at groovy.lang.MetaClassImpl.invokeMethod(MetaClassImpl.java:819)
	at groovy.lang.GroovyObject.invokeMethod(GroovyObject.java:39)
	at org.codehaus.groovy.runtime.callsite.PogoInterceptableSite.call(PogoInterceptableSite.java:45)
	at org.codehaus.groovy.runtime.callsite.PogoInterceptableSite.callCurrent(PogoInterceptableSite.java:55)
	at org.codehaus.groovy.runtime.callsite.AbstractCallSite.callCurrent(AbstractCallSite.java:203)
	at io.restassured.internal.RequestSpecificationImpl.applyPathParamsAndSendRequest(RequestSpecificationImpl.groovy:1678)
	at sun.reflect.NativeMethodAccessorImpl.invoke0(Native Method)
	at sun.reflect.NativeMethodAccessorImpl.invoke(NativeMethodAccessorImpl.java:62)
	at sun.reflect.DelegatingMethodAccessorImpl.invoke(DelegatingMethodAccessorImpl.java:43)
	at java.lang.reflect.Method.invoke(Method.java:498)
	at org.codehaus.groovy.reflection.CachedMethod.invoke(CachedMethod.java:107)
	at groovy.lang.MetaMethod.doMethodInvoke(MetaMethod.java:323)
	at groovy.lang.MetaClassImpl.invokeMethod(MetaClassImpl.java:1268)
	at groovy.lang.MetaClassImpl.invokeMethod(MetaClassImpl.java:1035)
	at groovy.lang.MetaClassImpl.invokeMethod(MetaClassImpl.java:819)
	at groovy.lang.GroovyObject.invokeMethod(GroovyObject.java:39)
	at org.codehaus.groovy.runtime.callsite.PogoInterceptableSite.call(PogoInterceptableSite.java:45)
	at org.codehaus.groovy.runtime.callsite.PogoInterceptableSite.callCurrent(PogoInterceptableSite.java:55)
	at org.codehaus.groovy.runtime.callsite.AbstractCallSite.callCurrent(AbstractCallSite.java:203)
	at io.restassured.internal.RequestSpecificationImpl.get(RequestSpecificationImpl.groovy:173)
	at io.restassured.internal.RequestSpecificationImpl.get(RequestSpecificationImpl.groovy)
	at com.test.JSONAssignment.Jsonassignment(JSONAssignment.java:25)
	at sun.reflect.NativeMethodAccessorImpl.invoke0(Native Method)
	at sun.reflect.NativeMethodAccessorImpl.invoke(NativeMethodAccessorImpl.java:62)
	at sun.reflect.DelegatingMethodAccessorImpl.invoke(DelegatingMethodAccessorImpl.java:43)
	at java.lang.reflect.Method.invoke(Method.java:498)
	at org.testng.internal.MethodInvocationHelper.invokeMethod(MethodInvocationHelper.java:133)
	at org.testng.internal.TestInvoker.invokeMethod(TestInvoker.java:598)
	at org.testng.internal.TestInvoker.invokeTestMethod(TestInvoker.java:173)
	at org.testng.internal.MethodRunner.runInSequence(MethodRunner.java:46)
	at org.testng.internal.TestInvoker$MethodInvocationAgent.invoke(TestInvoker.java:824)
	at org.testng.internal.TestInvoker.invokeTestMethods(TestInvoker.java:146)
	at org.testng.internal.TestMethodWorker.invokeTestMethods(TestMethodWorker.java:146)
	at org.testng.internal.TestMethodWorker.run(TestMethodWorker.java:128)
	at java.util.concurrent.ThreadPoolExecutor.runWorker(ThreadPoolExecutor.java:1149)
	at java.util.concurrent.ThreadPoolExecutor$Worker.run(ThreadPoolExecutor.java:624)
	at java.lang.Thread.run(Thread.java:748)
]]></failure>
  </testcase>
</testsuite>